九月 02, 2020 12:23:30 下午 io.github.yedaxia.apidocs.LogUtils info
信息: info: find java src paths:  [D:\workspaces\vue_workspaces\vue\admin-server\src\main\java\]
九月 02, 2020 12:23:30 下午 io.github.yedaxia.apidocs.LogUtils info
信息: info: project type not set, try to figure out...
九月 02, 2020 12:23:31 下午 io.github.yedaxia.apidocs.LogUtils info
信息: info: start find controllers in path : D:\workspaces\vue_workspaces\vue\admin-server\src\main\java\
九月 02, 2020 12:23:31 下午 io.github.yedaxia.apidocs.LogUtils info
信息: info: find controller file : SysUserController.java
九月 02, 2020 12:23:31 下午 io.github.yedaxia.apidocs.LogUtils info
信息: info: find controller file : UserController.java
九月 02, 2020 12:23:31 下午 io.github.yedaxia.apidocs.LogUtils info
信息: info: start to parse controller file : SysUserController.java
九月 02, 2020 12:23:31 下午 io.github.yedaxia.apidocs.LogUtils info
信息: info: we think T should not be an enum type
九月 02, 2020 12:23:31 下午 io.github.yedaxia.apidocs.LogUtils warn
警告: warning!! Cannot find java file , in java file : D:\workspaces\vue_workspaces\vue\admin-server\src\main\java\com\vue\adminserver\global\ResponseResult.java, className : T, we cannot found more information of it, you've better to make it a JavaBean
九月 02, 2020 12:23:31 下午 io.github.yedaxia.apidocs.LogUtils info
信息: info: success to parse controller file : SysUserController.java
九月 02, 2020 12:23:31 下午 io.github.yedaxia.apidocs.LogUtils info
信息: info: start to parse controller file : UserController.java
九月 02, 2020 12:23:31 下午 io.github.yedaxia.apidocs.LogUtils info
信息: info: we think T should not be an enum type
九月 02, 2020 12:23:31 下午 io.github.yedaxia.apidocs.LogUtils warn
警告: warning!! Cannot find java file , in java file : D:\workspaces\vue_workspaces\vue\admin-server\src\main\java\com\vue\adminserver\global\ResponseResult.java, className : T, we cannot found more information of it, you've better to make it a JavaBean
九月 02, 2020 12:23:31 下午 io.github.yedaxia.apidocs.LogUtils info
信息: info: we think T should not be an enum type
九月 02, 2020 12:23:31 下午 io.github.yedaxia.apidocs.LogUtils warn
警告: warning!! Cannot find java file , in java file : D:\workspaces\vue_workspaces\vue\admin-server\src\main\java\com\vue\adminserver\global\ResponseResult.java, className : T, we cannot found more information of it, you've better to make it a JavaBean
九月 02, 2020 12:23:31 下午 io.github.yedaxia.apidocs.LogUtils info
信息: info: we think T should not be an enum type
九月 02, 2020 12:23:31 下午 io.github.yedaxia.apidocs.LogUtils warn
警告: warning!! Cannot find java file , in java file : D:\workspaces\vue_workspaces\vue\admin-server\src\main\java\com\vue\adminserver\global\ResponseResult.java, className : T, we cannot found more information of it, you've better to make it a JavaBean
九月 02, 2020 12:23:31 下午 io.github.yedaxia.apidocs.LogUtils info
信息: info: success to parse controller file : UserController.java
九月 02, 2020 12:23:31 下午 io.github.yedaxia.apidocs.LogUtils info
信息: info: generate api docs start...
九月 02, 2020 12:23:31 下午 io.github.yedaxia.apidocs.LogUtils info
信息: info: start to generate docs for controller file : D:\workspaces\vue_workspaces\vue\admin-server\src\main\java\com\vue\adminserver\controller\SysUserController.java
九月 02, 2020 12:23:31 下午 io.github.yedaxia.apidocs.LogUtils info
信息: info: success to generate docs for controller file : D:\workspaces\vue_workspaces\vue\admin-server\src\main\java\com\vue\adminserver\controller\SysUserController.java
九月 02, 2020 12:23:31 下午 io.github.yedaxia.apidocs.LogUtils info
信息: info: start to generate docs for controller file : D:\workspaces\vue_workspaces\vue\admin-server\src\main\java\com\vue\adminserver\controller\UserController.java
九月 02, 2020 12:23:31 下午 io.github.yedaxia.apidocs.LogUtils info
信息: info: success to generate docs for controller file : D:\workspaces\vue_workspaces\vue\admin-server\src\main\java\com\vue\adminserver\controller\UserController.java
九月 02, 2020 12:23:31 下午 io.github.yedaxia.apidocs.LogUtils info
信息: info: generate index start !!!
九月 02, 2020 12:23:31 下午 io.github.yedaxia.apidocs.LogUtils info
信息: info: generate index done !!!
九月 02, 2020 12:23:31 下午 io.github.yedaxia.apidocs.LogUtils info
信息: info: generate api docs done !!!
